filters_try_on/Temp/gradleOut/launcher/build/intermediates/manifest_merge_blame_file/release/manifest-merger-blame-release-report.txt
1<?xml version="1.0" encoding="utf-8"?>
2<!-- GENERATED BY UNITY. REMOVE THIS COMMENT TO PREVENT OVERWRITING WHEN EXPORTING AGAIN -->
3<manifest xmlns:android="http://schemas.android.com/apk/res/android"
4    package="com.DefaultCompany.helloAr"
5    android:installLocation="preferExternal"
6    android:versionCode="1"
7    android:versionName="0.1" >
8
9    <uses-sdk
10        android:minSdkVersion="24"
10-->src\main\AndroidManifest.xml
11        android:targetSdkVersion="28" />
11-->src\main\AndroidManifest.xml
12
13    <supports-screens
13-->src\main\AndroidManifest.xml:4:3-163
14        android:anyDensity="true"
14-->src\main\AndroidManifest.xml:4:135-160
15        android:largeScreens="true"
15-->src\main\AndroidManifest.xml:4:78-105
16        android:normalScreens="true"
16-->src\main\AndroidManifest.xml:4:49-77
17        android:smallScreens="true"
17-->src\main\AndroidManifest.xml:4:21-48
18        android:xlargeScreens="true" />
18-->src\main\AndroidManifest.xml:4:106-134
19
20    <uses-feature android:glEsVersion="0x00030000" />
20-->[:unityLibrary] AndroidManifest.xml:13:5-54
20-->[:unityLibrary] AndroidManifest.xml:13:19-51
21
22    <uses-permission android:name="android.permission.CAMERA" />
22-->[:unityLibrary] AndroidManifest.xml:15:5-65
22-->[:unityLibrary] AndroidManifest.xml:15:22-62
23    <uses-permission android:name="android.permission.INTERNET" />
23-->[:unityLibrary] AndroidManifest.xml:16:5-67
23-->[:unityLibrary] AndroidManifest.xml:16:22-64
24    <uses-permission android:name="android.permission.CHANGE_WIFI_MULTICAST_STATE" />
24-->[:unityLibrary] AndroidManifest.xml:17:5-86
24-->[:unityLibrary] AndroidManifest.xml:17:22-83
25
26    <uses-feature
26-->[:unityLibrary] AndroidManifest.xml:19:5-21:36
27        android:name="android.hardware.touchscreen"
27-->[:unityLibrary] AndroidManifest.xml:20:9-52
28        android:required="false" />
28-->[:unityLibrary] AndroidManifest.xml:21:9-33
29    <uses-feature
29-->[:unityLibrary] AndroidManifest.xml:22:5-24:36
30        android:name="android.hardware.touchscreen.multitouch"
30-->[:unityLibrary] AndroidManifest.xml:23:9-63
31        android:required="false" />
31-->[:unityLibrary] AndroidManifest.xml:24:9-33
32    <uses-feature
32-->[:unityLibrary] AndroidManifest.xml:25:5-27:36
33        android:name="android.hardware.touchscreen.multitouch.distinct"
33-->[:unityLibrary] AndroidManifest.xml:26:9-72
34        android:required="false" />
34-->[:unityLibrary] AndroidManifest.xml:27:9-33
35
36    <queries>
36-->[:arcore_client:] AndroidManifest.xml:29:5-31:15
37        <package android:name="com.google.ar.core" />
37-->[:arcore_client:] AndroidManifest.xml:30:9-54
37-->[:arcore_client:] AndroidManifest.xml:30:18-51
38    </queries>
39
40    <uses-feature
40-->[:google_ar_required:] AndroidManifest.xml:9:5-11:35
41        android:name="android.hardware.camera.ar"
41-->[:google_ar_required:] AndroidManifest.xml:10:9-50
42        android:required="true" />
42-->[:google_ar_required:] AndroidManifest.xml:11:9-32
43
44    <application
44-->src\main\AndroidManifest.xml:5:3-83
45        android:extractNativeLibs="false"
46        android:icon="@mipmap/app_icon"
46-->src\main\AndroidManifest.xml:5:49-80
47        android:label="@string/app_name" >
47-->src\main\AndroidManifest.xml:5:16-48
48        <activity
48-->[:unityLibrary] AndroidManifest.xml:30:9-49:20
49            android:name="com.unity3d.player.UnityPlayerActivity"
49-->[:unityLibrary] AndroidManifest.xml:31:13-66
50            android:configChanges="mcc|mnc|locale|touchscreen|keyboard|keyboardHidden|navigation|orientation|screenLayout|uiMode|screenSize|smallestScreenSize|fontScale|layoutDirection|density"
50-->[:unityLibrary] AndroidManifest.xml:32:13-194
51            android:hardwareAccelerated="false"
51-->[:unityLibrary] AndroidManifest.xml:33:13-48
52            android:launchMode="singleTask"
52-->[:unityLibrary] AndroidManifest.xml:34:13-44
53            android:screenOrientation="fullSensor"
53-->[:unityLibrary] AndroidManifest.xml:35:13-51
54            android:theme="@style/UnityThemeSelector" >
54-->[:unityLibrary] AndroidManifest.xml:36:13-54
55            <intent-filter>
55-->[:unityLibrary] AndroidManifest.xml:37:13-41:29
56                <action android:name="android.intent.action.MAIN" />
56-->[:unityLibrary] AndroidManifest.xml:38:17-69
56-->[:unityLibrary] AndroidManifest.xml:38:25-66
57
58                <category android:name="android.intent.category.LAUNCHER" />
58-->[:unityLibrary] AndroidManifest.xml:40:17-77
58-->[:unityLibrary] AndroidManifest.xml:40:27-74
59            </intent-filter>
60
61            <meta-data
61-->[:unityLibrary] AndroidManifest.xml:43:13-45:40
62                android:name="unityplayer.UnityActivity"
62-->[:unityLibrary] AndroidManifest.xml:44:17-57
63                android:value="true" />
63-->[:unityLibrary] AndroidManifest.xml:45:17-37
64            <meta-data
64-->[:unityLibrary] AndroidManifest.xml:46:13-48:40
65                android:name="android.notch_support"
65-->[:unityLibrary] AndroidManifest.xml:47:17-53
66                android:value="true" />
66-->[:unityLibrary] AndroidManifest.xml:48:17-37
67        </activity>
68
69        <meta-data
69-->[:unityLibrary] AndroidManifest.xml:51:9-53:36
70            android:name="unity.tango-enable"
70-->[:unityLibrary] AndroidManifest.xml:52:13-46
71            android:value="True" />
71-->[:unityLibrary] AndroidManifest.xml:53:13-33
72        <meta-data
72-->[:unityLibrary] AndroidManifest.xml:54:9-56:36
73            android:name="unityplayer.SkipPermissionsDialog"
73-->[:unityLibrary] AndroidManifest.xml:55:13-61
74            android:value="true" />
74-->[:unityLibrary] AndroidManifest.xml:56:13-33
75        <meta-data
75-->[:unityLibrary] AndroidManifest.xml:57:9-59:33
76            android:name="unity.splash-mode"
76-->[:unityLibrary] AndroidManifest.xml:58:13-45
77            android:value="0" />
77-->[:unityLibrary] AndroidManifest.xml:59:13-30
78        <meta-data
78-->[:unityLibrary] AndroidManifest.xml:60:9-62:36
79            android:name="unity.splash-enable"
79-->[:unityLibrary] AndroidManifest.xml:61:13-47
80            android:value="True" />
80-->[:unityLibrary] AndroidManifest.xml:62:13-33
81        <meta-data
81-->[:unityLibrary] AndroidManifest.xml:63:9-65:50
82            android:name="notch.config"
82-->[:unityLibrary] AndroidManifest.xml:64:13-40
83            android:value="portrait|landscape" />
83-->[:unityLibrary] AndroidManifest.xml:65:13-47
84        <meta-data
84-->[:unityLibrary] AndroidManifest.xml:66:9-68:68
85            android:name="unity.build-id"
85-->[:unityLibrary] AndroidManifest.xml:67:13-42
86            android:value="18e68334-774c-4611-85b8-c5de0a056f80" /> <!-- The minimal version code of ARCore APK required for an app using this SDK. -->
86-->[:unityLibrary] AndroidManifest.xml:68:13-65
87        <meta-data
87-->[:arcore_client:] AndroidManifest.xml:36:9-38:41
88            android:name="com.google.ar.core.min_apk_version"
88-->[:arcore_client:] AndroidManifest.xml:37:13-62
89            android:value="202820000" /> <!-- This activity is critical for installing ARCore when it is not already present. -->
89-->[:arcore_client:] AndroidManifest.xml:38:13-38
90        <activity
90-->[:arcore_client:] AndroidManifest.xml:40:9-46:80
91            android:name="com.google.ar.core.InstallActivity"
91-->[:arcore_client:] AndroidManifest.xml:41:13-62
92            android:configChanges="keyboardHidden|orientation|screenSize"
92-->[:arcore_client:] AndroidManifest.xml:42:13-74
93            android:excludeFromRecents="true"
93-->[:arcore_client:] AndroidManifest.xml:43:13-46
94            android:exported="false"
94-->[:arcore_client:] AndroidManifest.xml:44:13-37
95            android:launchMode="singleTop"
95-->[:arcore_client:] AndroidManifest.xml:45:13-43
96            android:theme="@android:style/Theme.Material.Light.Dialog.Alert" />
96-->[:arcore_client:] AndroidManifest.xml:46:13-77
97
98        <meta-data
98-->[:google_ar_required:] AndroidManifest.xml:14:9-16:40
99            android:name="com.google.ar.core"
99-->[:google_ar_required:] AndroidManifest.xml:15:13-46
100            android:value="required" />
100-->[:google_ar_required:] AndroidManifest.xml:16:13-37
101    </application>
102
103</manifest>